<?xml version="1.0" encoding="UTF-8"?>
<!-- Generated by org.testng.reporters.JUnitReportReporter -->
<testsuite hostname="LAPTOP-JVVDUPAN" failures="0" tests="4" name="main.app.MainApp" time="56.983" errors="0" timestamp="2023-08-24T20:15:12 IST" skipped="0">
  <testcase classname="main.app.MainApp" name="VerifyLogFunctionality" time="11.783"/>
  <testcase classname="main.app.MainApp" name="destination" time="12.680"/>
  <testcase classname="main.app.MainApp" name="region" time="17.748"/>
  <testcase classname="main.app.MainApp" name="readWriteExcel" time="14.772"/>
</testsuite> <!-- main.app.MainApp -->
