<?xml version="1.0" encoding="UTF-8"?>
<!-- Generated by org.testng.reporters.JUnitReportReporter -->
<testsuite hostname="LAPTOP-JVVDUPAN" failures="0" tests="4" name="main.app.MainApp" time="50.585" errors="0" timestamp="2023-08-16T20:56:08 IST" skipped="0">
  <testcase classname="main.app.MainApp" name="VerifyLogFunctionality" time="12.339"/>
  <testcase classname="main.app.MainApp" name="destination" time="14.675"/>
  <testcase classname="main.app.MainApp" name="region" time="15.717"/>
  <testcase classname="main.app.MainApp" name="readWriteExcel" time="7.854"/>
</testsuite> <!-- main.app.MainApp -->
